<?xml version="1.0" encoding="UTF-8"?>
<testsuites>
    <testsuite name="register-on-the-web;there-is-a-notification-that-the-telepohone-number-format-is-wrong" tests="11" failures="1" skipped="0">
        <properties>
            <property name="URI" value="D:\SQA\project-indihome\features\register_tele_format.feature">
            </property>
        </properties>
        <testcase name="Given User browse Page Dashboard" classname="register-on-the-web;there-is-a-notification-that-the-telepohone-number-format-is-wrong" time="0.0033928">
        </testcase>
        <testcase name="And Click button “Daftar Akun" classname="register-on-the-web;there-is-a-notification-that-the-telepohone-number-format-is-wrong" time="0.0014265">
        </testcase>
        <testcase name="And fill email field" classname="register-on-the-web;there-is-a-notification-that-the-telepohone-number-format-is-wrong" time="0.0013681">
        </testcase>
        <testcase name="And fill Nama field" classname="register-on-the-web;there-is-a-notification-that-the-telepohone-number-format-is-wrong" time="0.0031922">
        </testcase>
        <testcase name="And fill Nomor Hp 2" classname="register-on-the-web;there-is-a-notification-that-the-telepohone-number-format-is-wrong" time="0.0031481">
        </testcase>
        <testcase name="And choose jenis kelamin" classname="register-on-the-web;there-is-a-notification-that-the-telepohone-number-format-is-wrong" time="0.0007454">
        </testcase>
        <testcase name="And fill Password field" classname="register-on-the-web;there-is-a-notification-that-the-telepohone-number-format-is-wrong" time="0.0015378">
        </testcase>
        <testcase name="And fill Konfirmasi Password field" classname="register-on-the-web;there-is-a-notification-that-the-telepohone-number-format-is-wrong" time="0.0008437">
        </testcase>
        <testcase name="And Click saya setuju dengan syarat dan ketentuan" classname="register-on-the-web;there-is-a-notification-that-the-telepohone-number-format-is-wrong" time="0.0008278">
        </testcase>
        <testcase name="When Click button “Register”" classname="register-on-the-web;there-is-a-notification-that-the-telepohone-number-format-is-wrong" time="0.0007288">
        </testcase>
        <testcase name="Then User can see alert that handphone format must correct" classname="register-on-the-web;there-is-a-notification-that-the-telepohone-number-format-is-wrong" time="40.1730146">
            <failure message="AssertionError: expected &apos;No. Handphone Harus Angka [10]&apos; to equal &apos;Msisdn Harus Angka [10]&apos;">AssertionError: expected &apos;No. Handphone Harus Angka [10]&apos; to equal &apos;Msisdn Harus Angka [10]&apos;
    at D:\SQA\project-indihome\page-objects\register.js:160:20
    at ManagedPromise.invokeCallback_ (D:\SQA\project-indihome\node_modules\selenium-webdriver\lib\promise.js:1384:14)
    at TaskQueue.execute_ (D:\SQA\project-indihome\node_modules\selenium-webdriver\lib\promise.js:3092:14)
    at TaskQueue.executeNext_ (D:\SQA\project-indihome\node_modules\selenium-webdriver\lib\promise.js:3075:27)
    at D:\SQA\project-indihome\node_modules\selenium-webdriver\lib\promise.js:2935:27
    at D:\SQA\project-indihome\node_modules\selenium-webdriver\lib\promise.js:676:7
    at processTicksAndRejections (node:internal/process/task_queues:93:5)</failure>
        </testcase>
    </testsuite>
</testsuites>